<?xml version="1.0" encoding="UTF-8"?>
<!-- Generated by org.testng.reporters.JUnitReportReporter -->
<testsuite hostname="DESKTOP-BJ7HU2O" failures="0" tests="1" name="com.Actitime.testscripts.CustomerTest" time="0.013" errors="0" timestamp="2024-08-25T11:18:46 IST" skipped="0">
  <testcase classname="com.Actitime.testscripts.CustomerTest" name="create" time="0.013">
    <system-out>
      <![CDATA[create customer]]>
    </system-out>
  </testcase> <!-- create -->
  <system-out>
    <![CDATA[create customer]]>
  </system-out>
</testsuite> <!-- com.Actitime.testscripts.CustomerTest -->
